<?xml version="1.0" encoding="UTF-8"?>
<!-- Generated by org.testng.reporters.JUnitReportReporter -->
<testsuite hostname="BAIPL-PC-HR2" failures="0" tests="15" name="com.androjavatech4u.testcases.UserTestCase" time="25.720" errors="0" timestamp="24 Aug 2022 08:40:26 GMT">
  <testcase classname="com.androjavatech4u.testcases.UserTestCase" name="loginUnSuccessfull" time="1.291"/>
  <testcase classname="com.androjavatech4u.testcases.UserTestCase" name="listResource" time="1.303"/>
  <testcase classname="com.androjavatech4u.testcases.UserTestCase" name="singleResourceNotFound" time="1.800"/>
  <testcase classname="com.androjavatech4u.testcases.UserTestCase" name="delayedResponse" time="4.891"/>
  <testcase classname="com.androjavatech4u.testcases.UserTestCase" name="updateUser" time="0.675"/>
  <testcase classname="com.androjavatech4u.testcases.UserTestCase" name="singleUserNotFound" time="0.869"/>
  <testcase classname="com.androjavatech4u.testcases.UserTestCase" name="UserUpdatePatchApi" time="0.526"/>
  <testcase classname="com.androjavatech4u.testcases.UserTestCase" name="usersList" time="0.856"/>
  <testcase classname="com.androjavatech4u.testcases.UserTestCase" name="deleteUser" time="0.491"/>
  <testcase classname="com.androjavatech4u.testcases.UserTestCase" name="CreateUser" time="5.901"/>
  <testcase classname="com.androjavatech4u.testcases.UserTestCase" name="registerSuccessfull" time="1.537"/>
  <testcase classname="com.androjavatech4u.testcases.UserTestCase" name="registerUnSuccessfully" time="1.562"/>
  <testcase classname="com.androjavatech4u.testcases.UserTestCase" name="singleUser" time="0.779"/>
  <testcase classname="com.androjavatech4u.testcases.UserTestCase" name="loginSuccessfull" time="1.216"/>
  <testcase classname="com.androjavatech4u.testcases.UserTestCase" name="singleResource" time="2.023"/>
</testsuite> <!-- com.androjavatech4u.testcases.UserTestCase -->
