<?xml version="1.0" encoding="UTF-8"?>
<!-- Generated by org.testng.reporters.JUnitReportReporter -->
<testsuite hostname="DESKTOP-I7J6NN2" failures="0" tests="1" name="com.androjavatech4u.AppTest" time="0.010" errors="0" timestamp="8 Aug 2022 16:36:02 GMT">
  <testcase classname="com.androjavatech4u.AppTest" name="hi" time="0.010"/>
</testsuite> <!-- com.androjavatech4u.AppTest -->
